<?xml version="1.0" encoding="UTF-8"?>
<!-- Generated by org.testng.reporters.JUnitReportReporter -->
<testsuite skipped="0" hostname="HYHC-71888-WL" name="com.xoriant.qa.testclasses.EnvironmentTest" tests="3" failures="0" timestamp="2022-06-15T01:10:32 PDT" time="0.017" errors="0">
  <testcase name="failedAuthenticationTest" time="0.014" classname="com.xoriant.qa.testclasses.EnvironmentTest"/>
  <system-out/>
  <testcase name="newUserAuthenticationTest" time="0.002" classname="com.xoriant.qa.testclasses.EnvironmentTest"/>
  <system-out/>
  <testcase name="validAuthenticationTest" time="0.001" classname="com.xoriant.qa.testclasses.EnvironmentTest"/>
  <system-out/>
</testsuite> <!-- com.xoriant.qa.testclasses.EnvironmentTest -->
