<?xml version="1.0" encoding="UTF-8"?>
<!-- Generated by org.testng.reporters.JUnitReportReporter -->
<testsuite skipped="6" hostname="HYHC-71888-WL" name="com.xoriant.qa.testclasses.LoginTest" tests="9" failures="0" timestamp="2022-06-17T05:58:27 PDT" time="62.652" errors="0">
  <testcase name="loginWithInvalidUsernameAndValidPassword" time="28.137" classname="com.xoriant.qa.testclasses.LoginTest"/>
  <system-out/>
  <testcase name="loginWithValidUsernameAndValidPassword" time="16.045" classname="com.xoriant.qa.testclasses.LoginTest"/>
  <system-out/>
  <testcase name="loginWithValidUsernameAndInvalidPassword" time="18.470" classname="com.xoriant.qa.testclasses.LoginTest"/>
  <system-out/>
  <testcase name="resetPasswordLinkNavigation" classname="com.xoriant.qa.testclasses.LoginTest">
    <skipped/>
  </testcase> <!-- resetPasswordLinkNavigation -->
  <system-out/>
  <testcase name="loginWithEmptyUsernameAndEmptyPassword" classname="com.xoriant.qa.testclasses.LoginTest">
    <skipped/>
  </testcase> <!-- loginWithEmptyUsernameAndEmptyPassword -->
  <system-out/>
  <testcase name="loginWithInvalidUsernameAndInvalidPassword" classname="com.xoriant.qa.testclasses.LoginTest">
    <skipped/>
  </testcase> <!-- loginWithInvalidUsernameAndInvalidPassword -->
  <system-out/>
  <testcase name="loginWithValidUsernameAndEmptyPassword" classname="com.xoriant.qa.testclasses.LoginTest">
    <skipped/>
  </testcase> <!-- loginWithValidUsernameAndEmptyPassword -->
  <system-out/>
  <testcase name="signUpButtonNavigation" classname="com.xoriant.qa.testclasses.LoginTest">
    <skipped/>
  </testcase> <!-- signUpButtonNavigation -->
  <system-out/>
  <testcase name="loginWithEmptyUsernameAndValidPassword" classname="com.xoriant.qa.testclasses.LoginTest">
    <skipped/>
  </testcase> <!-- loginWithEmptyUsernameAndValidPassword -->
  <system-out/>
</testsuite> <!-- com.xoriant.qa.testclasses.LoginTest -->
