<?xml version="1.0" encoding="UTF-8"?>
<!-- Generated by org.testng.reporters.JUnitReportReporter -->
<testsuite skipped="0" hostname="HYHC-71888-WL" name="com.xoriant.qa.testclasses.Test" tests="1" failures="0" timestamp="2022-06-16T00:25:52 PDT" time="0.046" errors="0">
  <testcase name="checkProperty" time="0.046" classname="com.xoriant.qa.testclasses.Test"/>
  <system-out/>
</testsuite> <!-- com.xoriant.qa.testclasses.Test -->
