<?xml version="1.0" encoding="UTF-8"?>
<!-- Generated by org.testng.reporters.JUnitReportReporter -->
<testsuite skipped="0" hostname="HYHC-71888-WL" name="com.xoriant.qa.testclasses.DashboardTest" tests="1" failures="0" timestamp="2022-06-16T22:25:26 PDT" time="0.053" errors="0">
  <testcase name="validateTitleinDashboardPage" time="0.053" classname="com.xoriant.qa.testclasses.DashboardTest"/>
  <system-out/>
</testsuite> <!-- com.xoriant.qa.testclasses.DashboardTest -->
